120315 10:01:08 [Note] Plugin 'FEDERATED' is disabled.
120315 10:01:08 InnoDB: The InnoDB memory heap is disabled
120315 10:01:08 InnoDB: Mutexes and rw_locks use Windows interlocked functions
120315 10:01:08 InnoDB: Compressed tables use zlib 1.2.3
120315 10:01:08 InnoDB: Initializing buffer pool, size = 17.0M
120315 10:01:08 InnoDB: Completed initialization of buffer pool
InnoDB: The first specified data file D:\mysql\databases\ibdata1 did not exist:
InnoDB: a new database to be created!
120315 10:01:08  InnoDB: Setting file D:\mysql\databases\ibdata1 size to 10 MB
InnoDB: Database physically writes the file full: wait...
120315 10:01:09  InnoDB: Log file .\ib_logfile0 did not exist: new to be created
InnoDB: Setting log file .\ib_logfile0 size to 10 MB
InnoDB: Database physically writes the file full: wait...
120315 10:01:09  InnoDB: Log file .\ib_logfile1 did not exist: new to be created
InnoDB: Setting log file .\ib_logfile1 size to 10 MB
InnoDB: Database physically writes the file full: wait...
InnoDB: Doublewrite buffer not found: creating new
InnoDB: Doublewrite buffer created
InnoDB: 127 rollback segment(s) active.
InnoDB: Creating foreign key constraint system tables
InnoDB: Foreign key constraint system tables created
120315 10:01:11  InnoDB: Waiting for the background threads to start
120315 10:01:12 InnoDB: 1.1.8 started; log sequence number 0
120315 10:01:14 [Note] Event Scheduler: Loaded 0 events
120315 10:01:14 [Note] C:\Program Files\MySQL\MySQL Server 5.5\bin\mysqld: ready for connections.
Version: '5.5.14'  socket: ''  port: 3306  MySQL Community Server (GPL)
120315 18:33:09 [Note] Plugin 'FEDERATED' is disabled.
120315 18:33:10 InnoDB: The InnoDB memory heap is disabled
120315 18:33:10 InnoDB: Mutexes and rw_locks use Windows interlocked functions
120315 18:33:10 InnoDB: Compressed tables use zlib 1.2.3
120315 18:33:10 InnoDB: Initializing buffer pool, size = 17.0M
120315 18:33:10 InnoDB: Completed initialization of buffer pool
120315 18:33:10 InnoDB: highest supported file format is Barracuda.
120315 18:33:11  InnoDB: Waiting for the background threads to start
120315 18:33:12 InnoDB: 1.1.8 started; log sequence number 1699025
120315 18:33:13 [Note] Event Scheduler: Loaded 0 events
120315 18:33:13 [Note] C:\Program Files\MySQL\MySQL Server 5.5\bin\mysqld: ready for connections.
Version: '5.5.14'  socket: ''  port: 3306  MySQL Community Server (GPL)
120315 18:36:02 [Note] Plugin 'FEDERATED' is disabled.
120315 18:36:02 InnoDB: The InnoDB memory heap is disabled
120315 18:36:02 InnoDB: Mutexes and rw_locks use Windows interlocked functions
120315 18:36:02 InnoDB: Compressed tables use zlib 1.2.3
120315 18:36:03 InnoDB: Initializing buffer pool, size = 17.0M
120315 18:36:03 InnoDB: Completed initialization of buffer pool
120315 18:36:03  InnoDB: Operating system error number 32 in a file operation.
InnoDB: The error means that another program is using InnoDB's files.
InnoDB: This might be a backup or antivirus software or another instance
InnoDB: of MySQL. Please close it to get rid of this error.
120315 18:36:13  InnoDB: Operating system error number 32 in a file operation.
InnoDB: The error means that another program is using InnoDB's files.
InnoDB: This might be a backup or antivirus software or another instance
InnoDB: of MySQL. Please close it to get rid of this error.
120315 18:36:23  InnoDB: Operating system error number 32 in a file operation.
InnoDB: The error means that another program is using InnoDB's files.
InnoDB: This might be a backup or antivirus software or another instance
InnoDB: of MySQL. Please close it to get rid of this error.
120315 18:36:33  InnoDB: Operating system error number 32 in a file operation.
InnoDB: The error means that another program is using InnoDB's files.
InnoDB: This might be a backup or antivirus software or another instance
InnoDB: of MySQL. Please close it to get rid of this error.
120315 18:36:43  InnoDB: Operating system error number 32 in a file operation.
InnoDB: The error means that another program is using InnoDB's files.
InnoDB: This might be a backup or antivirus software or another instance
InnoDB: of MySQL. Please close it to get rid of this error.
120315 18:36:53  InnoDB: Operating system error number 32 in a file operation.
InnoDB: The error means that another program is using InnoDB's files.
InnoDB: This might be a backup or antivirus software or another instance
InnoDB: of MySQL. Please close it to get rid of this error.
120315 18:37:03  InnoDB: Operating system error number 32 in a file operation.
InnoDB: The error means that another program is using InnoDB's files.
InnoDB: This might be a backup or antivirus software or another instance
InnoDB: of MySQL. Please close it to get rid of this error.
120315 18:37:13  InnoDB: Operating system error number 32 in a file operation.
InnoDB: The error means that another program is using InnoDB's files.
InnoDB: This might be a backup or antivirus software or another instance
InnoDB: of MySQL. Please close it to get rid of this error.
120315 18:37:23  InnoDB: Operating system error number 32 in a file operation.
InnoDB: The error means that another program is using InnoDB's files.
InnoDB: This might be a backup or antivirus software or another instance
InnoDB: of MySQL. Please close it to get rid of this error.
120315 18:37:33  InnoDB: Operating system error number 32 in a file operation.
InnoDB: The error means that another program is using InnoDB's files.
InnoDB: This might be a backup or antivirus software or another instance
InnoDB: of MySQL. Please close it to get rid of this error.
120315 18:37:43  InnoDB: Operating system error number 32 in a file operation.
InnoDB: The error means that another program is using InnoDB's files.
InnoDB: This might be a backup or antivirus software or another instance
InnoDB: of MySQL. Please close it to get rid of this error.
120315 18:37:53  InnoDB: Operating system error number 32 in a file operation.
InnoDB: The error means that another program is using InnoDB's files.
InnoDB: This might be a backup or antivirus software or another instance
InnoDB: of MySQL. Please close it to get rid of this error.
120315 18:38:03  InnoDB: Operating system error number 32 in a file operation.
InnoDB: The error means that another program is using InnoDB's files.
InnoDB: This might be a backup or antivirus software or another instance
InnoDB: of MySQL. Please close it to get rid of this error.
120315 18:38:13  InnoDB: Operating system error number 32 in a file operation.
InnoDB: The error means that another program is using InnoDB's files.
InnoDB: This might be a backup or antivirus software or another instance
InnoDB: of MySQL. Please close it to get rid of this error.
120315 18:38:23  InnoDB: Operating system error number 32 in a file operation.
InnoDB: The error means that another program is using InnoDB's files.
InnoDB: This might be a backup or antivirus software or another instance
InnoDB: of MySQL. Please close it to get rid of this error.
120315 18:38:33  InnoDB: Operating system error number 32 in a file operation.
InnoDB: The error means that another program is using InnoDB's files.
InnoDB: This might be a backup or antivirus software or another instance
InnoDB: of MySQL. Please close it to get rid of this error.
120315 18:38:43  InnoDB: Operating system error number 32 in a file operation.
InnoDB: The error means that another program is using InnoDB's files.
InnoDB: This might be a backup or antivirus software or another instance
InnoDB: of MySQL. Please close it to get rid of this error.
120315 18:38:53  InnoDB: Operating system error number 32 in a file operation.
InnoDB: The error means that another program is using InnoDB's files.
InnoDB: This might be a backup or antivirus software or another instance
InnoDB: of MySQL. Please close it to get rid of this error.
120315 18:39:03  InnoDB: Operating system error number 32 in a file operation.
InnoDB: The error means that another program is using InnoDB's files.
InnoDB: This might be a backup or antivirus software or another instance
InnoDB: of MySQL. Please close it to get rid of this error.
120315 18:39:13  InnoDB: Operating system error number 32 in a file operation.
InnoDB: The error means that another program is using InnoDB's files.
InnoDB: This might be a backup or antivirus software or another instance
InnoDB: of MySQL. Please close it to get rid of this error.
120315 18:39:23  InnoDB: Operating system error number 32 in a file operation.
InnoDB: The error means that another program is using InnoDB's files.
InnoDB: This might be a backup or antivirus software or another instance
InnoDB: of MySQL. Please close it to get rid of this error.
120315 18:39:33  InnoDB: Operating system error number 32 in a file operation.
InnoDB: The error means that another program is using InnoDB's files.
InnoDB: This might be a backup or antivirus software or another instance
InnoDB: of MySQL. Please close it to get rid of this error.
120315 18:39:43  InnoDB: Operating system error number 32 in a file operation.
InnoDB: The error means that another program is using InnoDB's files.
InnoDB: This might be a backup or antivirus software or another instance
InnoDB: of MySQL. Please close it to get rid of this error.
120315 18:39:53  InnoDB: Operating system error number 32 in a file operation.
InnoDB: The error means that another program is using InnoDB's files.
InnoDB: This might be a backup or antivirus software or another instance
InnoDB: of MySQL. Please close it to get rid of this error.
120315 18:40:03  InnoDB: Operating system error number 32 in a file operation.
InnoDB: The error means that another program is using InnoDB's files.
InnoDB: This might be a backup or antivirus software or another instance
InnoDB: of MySQL. Please close it to get rid of this error.
120315 18:40:13  InnoDB: Operating system error number 32 in a file operation.
InnoDB: The error means that another program is using InnoDB's files.
InnoDB: This might be a backup or antivirus software or another instance
InnoDB: of MySQL. Please close it to get rid of this error.
120315 18:40:23  InnoDB: Operating system error number 32 in a file operation.
InnoDB: The error means that another program is using InnoDB's files.
InnoDB: This might be a backup or antivirus software or another instance
InnoDB: of MySQL. Please close it to get rid of this error.
120315 18:40:33  InnoDB: Operating system error number 32 in a file operation.
InnoDB: The error means that another program is using InnoDB's files.
InnoDB: This might be a backup or antivirus software or another instance
InnoDB: of MySQL. Please close it to get rid of this error.
120315 18:40:43  InnoDB: Operating system error number 32 in a file operation.
InnoDB: The error means that another program is using InnoDB's files.
InnoDB: This might be a backup or antivirus software or another instance
InnoDB: of MySQL. Please close it to get rid of this error.
120315 18:40:53  InnoDB: Operating system error number 32 in a file operation.
InnoDB: The error means that another program is using InnoDB's files.
InnoDB: This might be a backup or antivirus software or another instance
InnoDB: of MySQL. Please close it to get rid of this error.
120315 18:41:03  InnoDB: Operating system error number 32 in a file operation.
InnoDB: The error means that another program is using InnoDB's files.
InnoDB: This might be a backup or antivirus software or another instance
InnoDB: of MySQL. Please close it to get rid of this error.
120315 18:41:13  InnoDB: Operating system error number 32 in a file operation.
InnoDB: The error means that another program is using InnoDB's files.
InnoDB: This might be a backup or antivirus software or another instance
InnoDB: of MySQL. Please close it to get rid of this error.
120315 18:41:23  InnoDB: Operating system error number 32 in a file operation.
InnoDB: The error means that another program is using InnoDB's files.
InnoDB: This might be a backup or antivirus software or another instance
InnoDB: of MySQL. Please close it to get rid of this error.
120315 18:41:33  InnoDB: Operating system error number 32 in a file operation.
InnoDB: The error means that another program is using InnoDB's files.
InnoDB: This might be a backup or antivirus software or another instance
InnoDB: of MySQL. Please close it to get rid of this error.
120315 18:41:43  InnoDB: Operating system error number 32 in a file operation.
InnoDB: The error means that another program is using InnoDB's files.
InnoDB: This might be a backup or antivirus software or another instance
InnoDB: of MySQL. Please close it to get rid of this error.
120315 18:41:53  InnoDB: Operating system error number 32 in a file operation.
InnoDB: The error means that another program is using InnoDB's files.
InnoDB: This might be a backup or antivirus software or another instance
InnoDB: of MySQL. Please close it to get rid of this error.
120315 18:42:03  InnoDB: Operating system error number 32 in a file operation.
InnoDB: The error means that another program is using InnoDB's files.
InnoDB: This might be a backup or antivirus software or another instance
InnoDB: of MySQL. Please close it to get rid of this error.
120315 18:42:13  InnoDB: Operating system error number 32 in a file operation.
InnoDB: The error means that another program is using InnoDB's files.
InnoDB: This might be a backup or antivirus software or another instance
InnoDB: of MySQL. Please close it to get rid of this error.
120315 18:42:23  InnoDB: Operating system error number 32 in a file operation.
InnoDB: The error means that another program is using InnoDB's files.
InnoDB: This might be a backup or antivirus software or another instance
InnoDB: of MySQL. Please close it to get rid of this error.
120315 18:42:33  InnoDB: Operating system error number 32 in a file operation.
InnoDB: The error means that another program is using InnoDB's files.
InnoDB: This might be a backup or antivirus software or another instance
InnoDB: of MySQL. Please close it to get rid of this error.
120315 18:42:43  InnoDB: Operating system error number 32 in a file operation.
InnoDB: The error means that another program is using InnoDB's files.
InnoDB: This might be a backup or antivirus software or another instance
InnoDB: of MySQL. Please close it to get rid of this error.
120315 18:42:53  InnoDB: Operating system error number 32 in a file operation.
InnoDB: The error means that another program is using InnoDB's files.
InnoDB: This might be a backup or antivirus software or another instance
InnoDB: of MySQL. Please close it to get rid of this error.
120315 18:43:03  InnoDB: Operating system error number 32 in a file operation.
InnoDB: The error means that another program is using InnoDB's files.
InnoDB: This might be a backup or antivirus software or another instance
InnoDB: of MySQL. Please close it to get rid of this error.
120315 18:43:13  InnoDB: Operating system error number 32 in a file operation.
InnoDB: The error means that another program is using InnoDB's files.
InnoDB: This might be a backup or antivirus software or another instance
InnoDB: of MySQL. Please close it to get rid of this error.
120316  0:41:53 [Note] C:\Program Files\MySQL\MySQL Server 5.5\bin\mysqld: Normal shutdown

120316  0:41:57 [Note] Event Scheduler: Purging the queue. 0 events
120316  0:42:01  InnoDB: Starting shutdown...
120316  0:42:04  InnoDB: Shutdown completed; log sequence number 1703097
120316  0:42:05 [Note] C:\Program Files\MySQL\MySQL Server 5.5\bin\mysqld: Shutdown complete

120316  8:30:05 [Note] Plugin 'FEDERATED' is disabled.
120316  8:30:05 InnoDB: The InnoDB memory heap is disabled
120316  8:30:05 InnoDB: Mutexes and rw_locks use Windows interlocked functions
120316  8:30:05 InnoDB: Compressed tables use zlib 1.2.3
120316  8:30:06 InnoDB: Initializing buffer pool, size = 17.0M
120316  8:30:06 InnoDB: Completed initialization of buffer pool
120316  8:30:06 InnoDB: highest supported file format is Barracuda.
120316  8:30:07  InnoDB: Waiting for the background threads to start
120316  8:30:08 InnoDB: 1.1.8 started; log sequence number 1703097
120316  8:30:10 [Note] Event Scheduler: Loaded 0 events
120316  8:30:10 [Note] C:\Program Files\MySQL\MySQL Server 5.5\bin\mysqld: ready for connections.
Version: '5.5.14'  socket: ''  port: 3306  MySQL Community Server (GPL)
120316 22:33:05 [Note] C:\Program Files\MySQL\MySQL Server 5.5\bin\mysqld: Normal shutdown

120316 22:33:08 [Note] Event Scheduler: Purging the queue. 0 events
120316 22:33:11  InnoDB: Starting shutdown...
120316 22:33:18  InnoDB: Shutdown completed; log sequence number 1703097
120316 22:33:18 [Note] C:\Program Files\MySQL\MySQL Server 5.5\bin\mysqld: Shutdown complete

120317  8:47:46 [Note] Plugin 'FEDERATED' is disabled.
120317  8:47:46 InnoDB: The InnoDB memory heap is disabled
120317  8:47:46 InnoDB: Mutexes and rw_locks use Windows interlocked functions
120317  8:47:46 InnoDB: Compressed tables use zlib 1.2.3
120317  8:47:46 InnoDB: Initializing buffer pool, size = 17.0M
120317  8:47:46 InnoDB: Completed initialization of buffer pool
120317  8:47:47 InnoDB: highest supported file format is Barracuda.
120317  8:47:47  InnoDB: Waiting for the background threads to start
120317  8:47:48 InnoDB: 1.1.8 started; log sequence number 1703097
120317  8:47:48 [Note] Event Scheduler: Loaded 0 events
120317  8:47:48 [Note] C:\Program Files\MySQL\MySQL Server 5.5\bin\mysqld: ready for connections.
Version: '5.5.14'  socket: ''  port: 3306  MySQL Community Server (GPL)
120317 17:53:07 [Note] C:\Program Files\MySQL\MySQL Server 5.5\bin\mysqld: Normal shutdown

120317 17:53:09 [Note] Event Scheduler: Purging the queue. 0 events
120317 17:53:10  InnoDB: Starting shutdown...
120317 17:53:24  InnoDB: Shutdown completed; log sequence number 1703097
120317 17:53:24 [Note] C:\Program Files\MySQL\MySQL Server 5.5\bin\mysqld: Shutdown complete

120317 22:13:06 [Note] Plugin 'FEDERATED' is disabled.
120317 22:13:06 InnoDB: The InnoDB memory heap is disabled
120317 22:13:06 InnoDB: Mutexes and rw_locks use Windows interlocked functions
120317 22:13:06 InnoDB: Compressed tables use zlib 1.2.3
120317 22:13:06 InnoDB: Initializing buffer pool, size = 17.0M
120317 22:13:06 InnoDB: Completed initialization of buffer pool
120317 22:13:07 InnoDB: highest supported file format is Barracuda.
120317 22:13:08  InnoDB: Waiting for the background threads to start
120317 22:13:09 InnoDB: 1.1.8 started; log sequence number 1703097
120317 22:13:09 [Note] Event Scheduler: Loaded 0 events
120317 22:13:09 [Note] C:\Program Files\MySQL\MySQL Server 5.5\bin\mysqld: ready for connections.
Version: '5.5.14'  socket: ''  port: 3306  MySQL Community Server (GPL)
120317 23:41:12 [Note] C:\Program Files\MySQL\MySQL Server 5.5\bin\mysqld: Normal shutdown

120317 23:41:14 [Note] Event Scheduler: Purging the queue. 0 events
120317 23:41:17  InnoDB: Starting shutdown...
120317 23:41:25  InnoDB: Shutdown completed; log sequence number 1703097
120317 23:41:25 [Note] C:\Program Files\MySQL\MySQL Server 5.5\bin\mysqld: Shutdown complete

120318  9:30:47 [Note] Plugin 'FEDERATED' is disabled.
120318  9:30:47 InnoDB: The InnoDB memory heap is disabled
120318  9:30:47 InnoDB: Mutexes and rw_locks use Windows interlocked functions
120318  9:30:47 InnoDB: Compressed tables use zlib 1.2.3
120318  9:30:48 InnoDB: Initializing buffer pool, size = 17.0M
120318  9:30:48 InnoDB: Completed initialization of buffer pool
120318  9:30:48 InnoDB: highest supported file format is Barracuda.
120318  9:30:49  InnoDB: Waiting for the background threads to start
120318  9:30:50 InnoDB: 1.1.8 started; log sequence number 1703097
120318  9:30:50 [Note] Event Scheduler: Loaded 0 events
120318  9:30:50 [Note] C:\Program Files\MySQL\MySQL Server 5.5\bin\mysqld: ready for connections.
Version: '5.5.14'  socket: ''  port: 3306  MySQL Community Server (GPL)
120318 13:10:22 [Note] Plugin 'FEDERATED' is disabled.
120318 13:10:22 InnoDB: The InnoDB memory heap is disabled
120318 13:10:22 InnoDB: Mutexes and rw_locks use Windows interlocked functions
120318 13:10:22 InnoDB: Compressed tables use zlib 1.2.3
120318 13:10:22 InnoDB: Initializing buffer pool, size = 17.0M
120318 13:10:22 InnoDB: Completed initialization of buffer pool
120318 13:10:23 InnoDB: highest supported file format is Barracuda.
120318 13:10:23  InnoDB: Waiting for the background threads to start
120318 13:10:24 InnoDB: 1.1.8 started; log sequence number 1703097
120318 13:10:25 [Note] Event Scheduler: Loaded 0 events
120318 13:10:25 [Note] C:\Program Files\MySQL\MySQL Server 5.5\bin\mysqld: ready for connections.
Version: '5.5.14'  socket: ''  port: 3306  MySQL Community Server (GPL)
120318 14:24:52 [Note] C:\Program Files\MySQL\MySQL Server 5.5\bin\mysqld: Normal shutdown

120318 14:24:52 [Note] Event Scheduler: Purging the queue. 0 events
120318 14:24:52  InnoDB: Starting shutdown...
120318 14:24:54  InnoDB: Shutdown completed; log sequence number 1703097
120318 14:24:54 [Note] C:\Program Files\MySQL\MySQL Server 5.5\bin\mysqld: Shutdown complete

120318 17:09:03 [Note] Plugin 'FEDERATED' is disabled.
120318 17:09:03 InnoDB: The InnoDB memory heap is disabled
120318 17:09:03 InnoDB: Mutexes and rw_locks use Windows interlocked functions
120318 17:09:03 InnoDB: Compressed tables use zlib 1.2.3
120318 17:09:03 InnoDB: Initializing buffer pool, size = 17.0M
120318 17:09:03 InnoDB: Completed initialization of buffer pool
120318 17:09:04 InnoDB: highest supported file format is Barracuda.
120318 17:09:05  InnoDB: Waiting for the background threads to start
120318 17:09:06 InnoDB: 1.1.8 started; log sequence number 1703097
120318 17:09:06 [Note] Event Scheduler: Loaded 0 events
120318 17:09:06 [Note] C:\Program Files\MySQL\MySQL Server 5.5\bin\mysqld: ready for connections.
Version: '5.5.14'  socket: ''  port: 3306  MySQL Community Server (GPL)
120318 17:34:15 [Note] C:\Program Files\MySQL\MySQL Server 5.5\bin\mysqld: Normal shutdown

120318 17:34:15 [Note] Event Scheduler: Purging the queue. 0 events
120318 17:34:16  InnoDB: Starting shutdown...
120318 17:34:17  InnoDB: Shutdown completed; log sequence number 1703097
120318 17:34:17 [Note] C:\Program Files\MySQL\MySQL Server 5.5\bin\mysqld: Shutdown complete

120318 20:44:18 [Note] Plugin 'FEDERATED' is disabled.
120318 20:44:18 InnoDB: The InnoDB memory heap is disabled
120318 20:44:18 InnoDB: Mutexes and rw_locks use Windows interlocked functions
120318 20:44:18 InnoDB: Compressed tables use zlib 1.2.3
120318 20:44:18 InnoDB: Initializing buffer pool, size = 17.0M
120318 20:44:18 InnoDB: Completed initialization of buffer pool
120318 20:44:18 InnoDB: highest supported file format is Barracuda.
120318 20:44:19  InnoDB: Waiting for the background threads to start
120318 20:44:20 InnoDB: 1.1.8 started; log sequence number 1703097
120318 20:44:21 [Note] Event Scheduler: Loaded 0 events
120318 20:44:21 [Note] C:\Program Files\MySQL\MySQL Server 5.5\bin\mysqld: ready for connections.
Version: '5.5.14'  socket: ''  port: 3306  MySQL Community Server (GPL)
120318 23:52:51 [Note] C:\Program Files\MySQL\MySQL Server 5.5\bin\mysqld: Normal shutdown

120318 23:52:54 [Note] Event Scheduler: Purging the queue. 0 events
120318 23:52:57  InnoDB: Starting shutdown...
120318 23:53:05  InnoDB: Shutdown completed; log sequence number 1703097
120318 23:53:05 [Note] C:\Program Files\MySQL\MySQL Server 5.5\bin\mysqld: Shutdown complete

120319  7:51:31 [Note] Plugin 'FEDERATED' is disabled.
120319  7:51:31 InnoDB: The InnoDB memory heap is disabled
120319  7:51:31 InnoDB: Mutexes and rw_locks use Windows interlocked functions
120319  7:51:31 InnoDB: Compressed tables use zlib 1.2.3
120319  7:51:31 InnoDB: Initializing buffer pool, size = 17.0M
120319  7:51:31 InnoDB: Completed initialization of buffer pool
120319  7:51:31 InnoDB: highest supported file format is Barracuda.
120319  7:51:32  InnoDB: Waiting for the background threads to start
120319  7:51:33 InnoDB: 1.1.8 started; log sequence number 1703097
120319  7:51:33 [Note] Event Scheduler: Loaded 0 events
120319  7:51:33 [Note] C:\Program Files\MySQL\MySQL Server 5.5\bin\mysqld: ready for connections.
Version: '5.5.14'  socket: ''  port: 3306  MySQL Community Server (GPL)
120319 11:35:27 [Note] C:\Program Files\MySQL\MySQL Server 5.5\bin\mysqld: Normal shutdown

120319 11:35:28 [Note] Event Scheduler: Purging the queue. 0 events
120319 11:35:30  InnoDB: Starting shutdown...
120319 11:35:40  InnoDB: Shutdown completed; log sequence number 1703097
120319 11:35:40 [Note] C:\Program Files\MySQL\MySQL Server 5.5\bin\mysqld: Shutdown complete

120319 19:34:40 [Note] Plugin 'FEDERATED' is disabled.
120319 19:34:40 InnoDB: The InnoDB memory heap is disabled
120319 19:34:40 InnoDB: Mutexes and rw_locks use Windows interlocked functions
120319 19:34:40 InnoDB: Compressed tables use zlib 1.2.3
120319 19:34:40 InnoDB: Initializing buffer pool, size = 17.0M
120319 19:34:40 InnoDB: Completed initialization of buffer pool
120319 19:34:40 InnoDB: highest supported file format is Barracuda.
120319 19:34:41  InnoDB: Waiting for the background threads to start
120319 19:34:42 InnoDB: 1.1.8 started; log sequence number 1703097
120319 19:34:42 [Note] Event Scheduler: Loaded 0 events
120319 19:34:42 [Note] C:\Program Files\MySQL\MySQL Server 5.5\bin\mysqld: ready for connections.
Version: '5.5.14'  socket: ''  port: 3306  MySQL Community Server (GPL)
120319 23:16:13 [Note] C:\Program Files\MySQL\MySQL Server 5.5\bin\mysqld: Normal shutdown

120319 23:16:16 [Note] Event Scheduler: Purging the queue. 0 events
120319 23:16:19  InnoDB: Starting shutdown...
120319 23:16:22  InnoDB: Shutdown completed; log sequence number 1703097
120319 23:16:22 [Note] C:\Program Files\MySQL\MySQL Server 5.5\bin\mysqld: Shutdown complete

120320  7:55:04 [Note] Plugin 'FEDERATED' is disabled.
120320  7:55:04 InnoDB: The InnoDB memory heap is disabled
120320  7:55:04 InnoDB: Mutexes and rw_locks use Windows interlocked functions
120320  7:55:04 InnoDB: Compressed tables use zlib 1.2.3
120320  7:55:04 InnoDB: Initializing buffer pool, size = 17.0M
120320  7:55:04 InnoDB: Completed initialization of buffer pool
120320  7:55:04 InnoDB: highest supported file format is Barracuda.
120320  7:55:05  InnoDB: Waiting for the background threads to start
120320  7:55:06 InnoDB: 1.1.8 started; log sequence number 1703097
120320  7:55:06 [Note] Event Scheduler: Loaded 0 events
120320  7:55:06 [Note] C:\Program Files\MySQL\MySQL Server 5.5\bin\mysqld: ready for connections.
Version: '5.5.14'  socket: ''  port: 3306  MySQL Community Server (GPL)
120320 17:38:40 [Note] Plugin 'FEDERATED' is disabled.
120320 17:38:41 InnoDB: The InnoDB memory heap is disabled
120320 17:38:41 InnoDB: Mutexes and rw_locks use Windows interlocked functions
120320 17:38:41 InnoDB: Compressed tables use zlib 1.2.3
120320 17:38:41 InnoDB: Initializing buffer pool, size = 17.0M
120320 17:38:41 InnoDB: Completed initialization of buffer pool
120320 17:38:41 InnoDB: highest supported file format is Barracuda.
120320 17:38:42  InnoDB: Waiting for the background threads to start
120320 17:38:43 InnoDB: 1.1.8 started; log sequence number 1703097
120320 17:38:43 [Note] Event Scheduler: Loaded 0 events
120320 17:38:43 [Note] C:\Program Files\MySQL\MySQL Server 5.5\bin\mysqld: ready for connections.
Version: '5.5.14'  socket: ''  port: 3306  MySQL Community Server (GPL)
120320 23:33:09 [Note] C:\Program Files\MySQL\MySQL Server 5.5\bin\mysqld: Normal shutdown

120320 23:33:10 [Note] Event Scheduler: Purging the queue. 0 events
120320 23:33:14  InnoDB: Starting shutdown...
120320 23:33:20  InnoDB: Shutdown completed; log sequence number 1703097
120320 23:33:20 [Note] C:\Program Files\MySQL\MySQL Server 5.5\bin\mysqld: Shutdown complete

120321  7:57:06 [Note] Plugin 'FEDERATED' is disabled.
120321  7:57:06 InnoDB: The InnoDB memory heap is disabled
120321  7:57:06 InnoDB: Mutexes and rw_locks use Windows interlocked functions
120321  7:57:06 InnoDB: Compressed tables use zlib 1.2.3
120321  7:57:06 InnoDB: Initializing buffer pool, size = 17.0M
120321  7:57:06 InnoDB: Completed initialization of buffer pool
120321  7:57:07 InnoDB: highest supported file format is Barracuda.
120321  7:57:14  InnoDB: Waiting for the background threads to start
120321  7:57:15 InnoDB: 1.1.8 started; log sequence number 1703097
120321  7:57:15 [Note] Event Scheduler: Loaded 0 events
120321  7:57:15 [Note] C:\Program Files\MySQL\MySQL Server 5.5\bin\mysqld: ready for connections.
Version: '5.5.14'  socket: ''  port: 3306  MySQL Community Server (GPL)
120321 11:28:49 [Note] C:\Program Files\MySQL\MySQL Server 5.5\bin\mysqld: Normal shutdown

120321 11:28:50 [Note] Event Scheduler: Purging the queue. 0 events
120321 11:28:51  InnoDB: Starting shutdown...
120321 11:29:04  InnoDB: Shutdown completed; log sequence number 1703097
120321 11:29:04 [Note] C:\Program Files\MySQL\MySQL Server 5.5\bin\mysqld: Shutdown complete

120321 20:50:52 [Note] Plugin 'FEDERATED' is disabled.
120321 20:50:52 InnoDB: The InnoDB memory heap is disabled
120321 20:50:52 InnoDB: Mutexes and rw_locks use Windows interlocked functions
120321 20:50:52 InnoDB: Compressed tables use zlib 1.2.3
120321 20:50:52 InnoDB: Initializing buffer pool, size = 17.0M
120321 20:50:52 InnoDB: Completed initialization of buffer pool
120321 20:50:52 InnoDB: highest supported file format is Barracuda.
120321 20:51:01  InnoDB: Waiting for the background threads to start
120321 20:51:02 InnoDB: 1.1.8 started; log sequence number 1703097
120321 20:51:02 [Note] Event Scheduler: Loaded 0 events
120321 20:51:02 [Note] C:\Program Files\MySQL\MySQL Server 5.5\bin\mysqld: ready for connections.
Version: '5.5.14'  socket: ''  port: 3306  MySQL Community Server (GPL)
120321 22:45:59 [Note] C:\Program Files\MySQL\MySQL Server 5.5\bin\mysqld: Normal shutdown

120321 22:46:01 [Note] Event Scheduler: Purging the queue. 0 events
120321 22:46:05  InnoDB: Starting shutdown...
120321 22:46:12  InnoDB: Shutdown completed; log sequence number 1703097
120321 22:46:12 [Note] C:\Program Files\MySQL\MySQL Server 5.5\bin\mysqld: Shutdown complete

120322  9:17:35 [Note] Plugin 'FEDERATED' is disabled.
120322  9:17:35 InnoDB: The InnoDB memory heap is disabled
120322  9:17:35 InnoDB: Mutexes and rw_locks use Windows interlocked functions
120322  9:17:35 InnoDB: Compressed tables use zlib 1.2.3
120322  9:17:35 InnoDB: Initializing buffer pool, size = 17.0M
120322  9:17:35 InnoDB: Completed initialization of buffer pool
120322  9:17:36 InnoDB: highest supported file format is Barracuda.
120322  9:17:47  InnoDB: Waiting for the background threads to start
120322  9:17:48 InnoDB: 1.1.8 started; log sequence number 1703097
120322  9:17:48 [Note] Event Scheduler: Loaded 0 events
120322  9:17:48 [Note] C:\Program Files\MySQL\MySQL Server 5.5\bin\mysqld: ready for connections.
Version: '5.5.14'  socket: ''  port: 3306  MySQL Community Server (GPL)
120322 16:33:55 [Note] C:\Program Files\MySQL\MySQL Server 5.5\bin\mysqld: Normal shutdown

120322 16:33:57 [Note] Event Scheduler: Purging the queue. 0 events
120322 16:33:59  InnoDB: Starting shutdown...
120322 16:34:15  InnoDB: Shutdown completed; log sequence number 1703097
120322 16:34:15 [Note] C:\Program Files\MySQL\MySQL Server 5.5\bin\mysqld: Shutdown complete

120322 22:25:58 [Note] Plugin 'FEDERATED' is disabled.
120322 22:25:58 InnoDB: The InnoDB memory heap is disabled
120322 22:25:58 InnoDB: Mutexes and rw_locks use Windows interlocked functions
120322 22:25:58 InnoDB: Compressed tables use zlib 1.2.3
120322 22:25:58 InnoDB: Initializing buffer pool, size = 17.0M
120322 22:25:58 InnoDB: Completed initialization of buffer pool
120322 22:25:59 InnoDB: highest supported file format is Barracuda.
120322 22:26:05  InnoDB: Waiting for the background threads to start
120322 22:26:06 InnoDB: 1.1.8 started; log sequence number 1703097
120322 22:26:06 [Note] Event Scheduler: Loaded 0 events
120322 22:26:06 [Note] C:\Program Files\MySQL\MySQL Server 5.5\bin\mysqld: ready for connections.
Version: '5.5.14'  socket: ''  port: 3306  MySQL Community Server (GPL)
120322 23:15:12 [Note] C:\Program Files\MySQL\MySQL Server 5.5\bin\mysqld: Normal shutdown

120322 23:15:15 [Note] Event Scheduler: Purging the queue. 0 events
120322 23:15:18  InnoDB: Starting shutdown...
120322 23:15:22  InnoDB: Shutdown completed; log sequence number 1703097
120322 23:15:23 [Note] C:\Program Files\MySQL\MySQL Server 5.5\bin\mysqld: Shutdown complete

120323  7:35:47 [Note] Plugin 'FEDERATED' is disabled.
120323  7:35:47 InnoDB: The InnoDB memory heap is disabled
120323  7:35:47 InnoDB: Mutexes and rw_locks use Windows interlocked functions
120323  7:35:47 InnoDB: Compressed tables use zlib 1.2.3
120323  7:35:47 InnoDB: Initializing buffer pool, size = 17.0M
120323  7:35:47 InnoDB: Completed initialization of buffer pool
120323  7:35:48 InnoDB: highest supported file format is Barracuda.
120323  7:35:49  InnoDB: Waiting for the background threads to start
120323  7:35:50 InnoDB: 1.1.8 started; log sequence number 1703097
120323  7:35:50 [Note] Event Scheduler: Loaded 0 events
120323  7:35:50 [Note] C:\Program Files\MySQL\MySQL Server 5.5\bin\mysqld: ready for connections.
Version: '5.5.14'  socket: ''  port: 3306  MySQL Community Server (GPL)
